<?xml version="1.0" encoding="UTF-8"?>
<testsuite xmlns:xsi="http://www.w3.org/2001/XMLSchema-instance" xsi:noNamespaceSchemaLocation="https://maven.apache.org/surefire/maven-surefire-plugin/xsd/surefire-test-report-3.0.xsd" version="3.0" name="org.example.steps.CalculatorTest" time="0.013" tests="1" errors="1" skipped="0" failures="0">
  <properties>
    <property name="java.specification.version" value="17"/>
    <property name="sun.cpu.isalist" value="amd64"/>
    <property name="sun.jnu.encoding" value="Cp1252"/>
    <property name="java.class.path" value="C:\Users\a886839\Downloads\calculator (1)\Claculator_using_bdd\target\test-classes;C:\Users\a886839\Downloads\calculator (1)\Claculator_using_bdd\target\classes;C:\Users\a886839\.m2\repository\junit\junit\4.13.2\junit-4.13.2.jar;C:\Users\a886839\.m2\repository\org\hamcrest\hamcrest-core\1.3\hamcrest-core-1.3.jar;C:\Users\a886839\.m2\repository\io\cucumber\cucumber-junit\7.1.0\cucumber-junit-7.1.0.jar;C:\Users\a886839\.m2\repository\org\apiguardian\apiguardian-api\1.1.2\apiguardian-api-1.1.2.jar;C:\Users\a886839\.m2\repository\io\cucumber\cucumber-core\7.1.0\cucumber-core-7.1.0.jar;C:\Users\a886839\.m2\repository\io\cucumber\cucumber-gherkin\7.1.0\cucumber-gherkin-7.1.0.jar;C:\Users\a886839\.m2\repository\io\cucumber\cucumber-gherkin-messages\7.1.0\cucumber-gherkin-messages-7.1.0.jar;C:\Users\a886839\.m2\repository\io\cucumber\messages\17.1.1\messages-17.1.1.jar;C:\Users\a886839\.m2\repository\io\cucumber\tag-expressions\4.1.0\tag-expressions-4.1.0.jar;C:\Users\a886839\.m2\repository\io\cucumber\cucumber-expressions\13.0.1\cucumber-expressions-13.0.1.jar;C:\Users\a886839\.m2\repository\io\cucumber\datatable\7.1.0\datatable-7.1.0.jar;C:\Users\a886839\.m2\repository\io\cucumber\cucumber-plugin\7.1.0\cucumber-plugin-7.1.0.jar;C:\Users\a886839\.m2\repository\io\cucumber\docstring\7.1.0\docstring-7.1.0.jar;C:\Users\a886839\.m2\repository\io\cucumber\html-formatter\17.0.0\html-formatter-17.0.0.jar;C:\Users\a886839\.m2\repository\io\cucumber\create-meta\6.0.4\create-meta-6.0.4.jar;C:\Users\a886839\.m2\repository\io\cucumber\cucumber-java\7.1.0\cucumber-java-7.1.0.jar;C:\Users\a886839\.m2\repository\org\junit\jupiter\junit-jupiter-api\5.7.2\junit-jupiter-api-5.7.2.jar;C:\Users\a886839\.m2\repository\org\opentest4j\opentest4j\1.2.0\opentest4j-1.2.0.jar;C:\Users\a886839\.m2\repository\org\junit\platform\junit-platform-commons\1.7.2\junit-platform-commons-1.7.2.jar;"/>
    <property name="java.vm.vendor" value="Oracle Corporation"/>
    <property name="sun.arch.data.model" value="64"/>
    <property name="user.variant" value=""/>
    <property name="java.vendor.url" value="https://java.oracle.com/"/>
    <property name="user.timezone" value="Asia/Calcutta"/>
    <property name="os.name" value="Windows 10"/>
    <property name="java.vm.specification.version" value="17"/>
    <property name="sun.java.launcher" value="SUN_STANDARD"/>
    <property name="user.country" value="IN"/>
    <property name="sun.boot.library.path" value="C:\Program Files\Java\jdk-17\bin"/>
    <property name="sun.java.command" value="C:\Users\a886839\AppData\Local\Temp\surefire12550582805550407106\surefirebooter-20230620123415508_3.jar C:\Users\a886839\AppData\Local\Temp\surefire12550582805550407106 2023-06-20T12-34-14_134-jvmRun1 surefire-20230620123415508_1tmp surefire_0-20230620123415508_2tmp"/>
    <property name="jdk.debug" value="release"/>
    <property name="surefire.test.class.path" value="C:\Users\a886839\Downloads\calculator (1)\Claculator_using_bdd\target\test-classes;C:\Users\a886839\Downloads\calculator (1)\Claculator_using_bdd\target\classes;C:\Users\a886839\.m2\repository\junit\junit\4.13.2\junit-4.13.2.jar;C:\Users\a886839\.m2\repository\org\hamcrest\hamcrest-core\1.3\hamcrest-core-1.3.jar;C:\Users\a886839\.m2\repository\io\cucumber\cucumber-junit\7.1.0\cucumber-junit-7.1.0.jar;C:\Users\a886839\.m2\repository\org\apiguardian\apiguardian-api\1.1.2\apiguardian-api-1.1.2.jar;C:\Users\a886839\.m2\repository\io\cucumber\cucumber-core\7.1.0\cucumber-core-7.1.0.jar;C:\Users\a886839\.m2\repository\io\cucumber\cucumber-gherkin\7.1.0\cucumber-gherkin-7.1.0.jar;C:\Users\a886839\.m2\repository\io\cucumber\cucumber-gherkin-messages\7.1.0\cucumber-gherkin-messages-7.1.0.jar;C:\Users\a886839\.m2\repository\io\cucumber\messages\17.1.1\messages-17.1.1.jar;C:\Users\a886839\.m2\repository\io\cucumber\tag-expressions\4.1.0\tag-expressions-4.1.0.jar;C:\Users\a886839\.m2\repository\io\cucumber\cucumber-expressions\13.0.1\cucumber-expressions-13.0.1.jar;C:\Users\a886839\.m2\repository\io\cucumber\datatable\7.1.0\datatable-7.1.0.jar;C:\Users\a886839\.m2\repository\io\cucumber\cucumber-plugin\7.1.0\cucumber-plugin-7.1.0.jar;C:\Users\a886839\.m2\repository\io\cucumber\docstring\7.1.0\docstring-7.1.0.jar;C:\Users\a886839\.m2\repository\io\cucumber\html-formatter\17.0.0\html-formatter-17.0.0.jar;C:\Users\a886839\.m2\repository\io\cucumber\create-meta\6.0.4\create-meta-6.0.4.jar;C:\Users\a886839\.m2\repository\io\cucumber\cucumber-java\7.1.0\cucumber-java-7.1.0.jar;C:\Users\a886839\.m2\repository\org\junit\jupiter\junit-jupiter-api\5.7.2\junit-jupiter-api-5.7.2.jar;C:\Users\a886839\.m2\repository\org\opentest4j\opentest4j\1.2.0\opentest4j-1.2.0.jar;C:\Users\a886839\.m2\repository\org\junit\platform\junit-platform-commons\1.7.2\junit-platform-commons-1.7.2.jar;"/>
    <property name="sun.cpu.endian" value="little"/>
    <property name="user.home" value="C:\Users\a886839"/>
    <property name="user.language" value="en"/>
    <property name="java.specification.vendor" value="Oracle Corporation"/>
    <property name="java.version.date" value="2023-01-17"/>
    <property name="java.home" value="C:\Program Files\Java\jdk-17"/>
    <property name="file.separator" value="\"/>
    <property name="basedir" value="C:\Users\a886839\Downloads\calculator (1)\Claculator_using_bdd"/>
    <property name="java.vm.compressedOopsMode" value="32-bit"/>
    <property name="line.separator" value="&#10;"/>
    <property name="java.vm.specification.vendor" value="Oracle Corporation"/>
    <property name="java.specification.name" value="Java Platform API Specification"/>
    <property name="surefire.real.class.path" value="C:\Users\a886839\AppData\Local\Temp\surefire12550582805550407106\surefirebooter-20230620123415508_3.jar"/>
    <property name="user.script" value=""/>
    <property name="sun.management.compiler" value="HotSpot 64-Bit Tiered Compilers"/>
    <property name="java.runtime.version" value="17.0.6+9-LTS-190"/>
    <property name="user.name" value="a886839"/>
    <property name="path.separator" value=";"/>
    <property name="os.version" value="10.0"/>
    <property name="java.runtime.name" value="Java(TM) SE Runtime Environment"/>
    <property name="file.encoding" value="Cp1252"/>
    <property name="java.vm.name" value="Java HotSpot(TM) 64-Bit Server VM"/>
    <property name="localRepository" value="C:\Users\a886839\.m2\repository"/>
    <property name="java.vendor.url.bug" value="https://bugreport.java.com/bugreport/"/>
    <property name="java.io.tmpdir" value="C:\Users\a886839\AppData\Local\Temp\"/>
    <property name="java.version" value="17.0.6"/>
    <property name="user.dir" value="C:\Users\a886839\Downloads\calculator (1)\Claculator_using_bdd"/>
    <property name="os.arch" value="amd64"/>
    <property name="java.vm.specification.name" value="Java Virtual Machine Specification"/>
    <property name="sun.os.patch.level" value=""/>
    <property name="native.encoding" value="Cp1252"/>
    <property name="java.library.path" value="C:\Program Files\Java\jdk-17\bin;C:\Windows\Sun\Java\bin;C:\Windows\system32;C:\Windows;C:\Python311\Scripts\;C:\Python311\;C:\Program Files\Common Files\Oracle\Java\javapath;C:\Windows\system32;C:\Windows;C:\Windows\System32\Wbem;C:\Windows\System32\WindowsPowerShell\v1.0\;C:\Windows\System32\OpenSSH\;C:\Program Files (x86)\Common Files\Pulse Secure\VC142.CRT\X64\;C:\Program Files (x86)\Common Files\Pulse Secure\VC142.CRT\X86\;C:\Program Files\Java\jdk-17\bin;C:\Program Files\nodejs\;C:\ProgramData\chocolatey\bin;C:\Program Files\Docker\Docker\resources\bin;C:\Users\a886839\Downloads\apache-maven-3.9.2-bin\apache-maven-3.9.2\bin;C:\Program Files\MySQL\MySQL Shell 8.0\bin\;C:\Users\a886839\AppData\Local\Microsoft\WindowsApps;C:\Program Files\JetBrains\IntelliJ IDEA Community Edition 2022.3.2\bin;;C:\Program Files\Java\jdk-17\bin;C:\Users\a886839\AppData\Local\Programs\Git\cmd;C:\Users\a886839\AppData\Local\Programs\Microsoft VS Code\bin;C:\Users\a886839\AppData\Roaming\npm;."/>
    <property name="java.vm.info" value="mixed mode, sharing"/>
    <property name="java.vendor" value="Oracle Corporation"/>
    <property name="java.vm.version" value="17.0.6+9-LTS-190"/>
    <property name="sun.io.unicode.encoding" value="UnicodeLittle"/>
    <property name="java.class.version" value="61.0"/>
  </properties>
  <testcase name="" classname="org.example.steps.CalculatorTest" time="0.002">
    <error message="The glue path contained invalid identifiers org/example/steps/CalculatorStepDefinitions.java" type="java.lang.IllegalArgumentException"><![CDATA[java.lang.IllegalArgumentException: The glue path contained invalid identifiers org/example/steps/CalculatorStepDefinitions.java
	at io.cucumber.core.feature.GluePath.parseAssumeClasspathScheme(GluePath.java:75)
	at io.cucumber.core.feature.GluePath.parse(GluePath.java:58)
	at io.cucumber.core.options.CucumberOptionsAnnotationParser.addGlue(CucumberOptionsAnnotationParser.java:127)
	at io.cucumber.core.options.CucumberOptionsAnnotationParser.parse(CucumberOptionsAnnotationParser.java:45)
	at io.cucumber.junit.Cucumber.<init>(Cucumber.java:120)
	at java.base/jdk.internal.reflect.NativeConstructorAccessorImpl.newInstance0(Native Method)
	at java.base/jdk.internal.reflect.NativeConstructorAccessorImpl.newInstance(NativeConstructorAccessorImpl.java:77)
	at java.base/jdk.internal.reflect.DelegatingConstructorAccessorImpl.newInstance(DelegatingConstructorAccessorImpl.java:45)
	at java.base/java.lang.reflect.Constructor.newInstanceWithCaller(Constructor.java:499)
	at java.base/java.lang.reflect.Constructor.newInstance(Constructor.java:480)
	at org.junit.internal.builders.AnnotatedBuilder.buildRunner(AnnotatedBuilder.java:104)
	at org.junit.vintage.engine.discovery.DefensiveAllDefaultPossibilitiesBuilder$DefensiveAnnotatedBuilder.buildRunner(DefensiveAllDefaultPossibilitiesBuilder.java:114)
	at org.junit.internal.builders.AnnotatedBuilder.runnerForClass(AnnotatedBuilder.java:86)
	at org.junit.runners.model.RunnerBuilder.safeRunnerForClass(RunnerBuilder.java:70)
	at org.junit.internal.builders.AllDefaultPossibilitiesBuilder.runnerForClass(AllDefaultPossibilitiesBuilder.java:37)
	at org.junit.vintage.engine.discovery.DefensiveAllDefaultPossibilitiesBuilder.runnerForClass(DefensiveAllDefaultPossibilitiesBuilder.java:57)
	at org.junit.runners.model.RunnerBuilder.safeRunnerForClass(RunnerBuilder.java:70)
	at org.junit.vintage.engine.discovery.ClassSelectorResolver.resolveTestClass(ClassSelectorResolver.java:66)
	at org.junit.vintage.engine.discovery.ClassSelectorResolver.resolve(ClassSelectorResolver.java:47)
	at org.junit.platform.engine.support.discovery.EngineDiscoveryRequestResolution.lambda$resolve$2(EngineDiscoveryRequestResolution.java:134)
	at java.base/java.util.stream.ReferencePipeline$3$1.accept(ReferencePipeline.java:197)
	at java.base/java.util.ArrayList$ArrayListSpliterator.tryAdvance(ArrayList.java:1602)
	at java.base/java.util.stream.ReferencePipeline.forEachWithCancel(ReferencePipeline.java:129)
	at java.base/java.util.stream.AbstractPipeline.copyIntoWithCancel(AbstractPipeline.java:527)
	at java.base/java.util.stream.AbstractPipeline.copyInto(AbstractPipeline.java:513)
	at java.base/java.util.stream.AbstractPipeline.wrapAndCopyInto(AbstractPipeline.java:499)
	at java.base/java.util.stream.FindOps$FindOp.evaluateSequential(FindOps.java:150)
	at java.base/java.util.stream.AbstractPipeline.evaluate(AbstractPipeline.java:234)
	at java.base/java.util.stream.ReferencePipeline.findFirst(ReferencePipeline.java:647)
	at org.junit.platform.engine.support.discovery.EngineDiscoveryRequestResolution.resolve(EngineDiscoveryRequestResolution.java:185)
	at org.junit.platform.engine.support.discovery.EngineDiscoveryRequestResolution.resolve(EngineDiscoveryRequestResolution.java:125)
	at org.junit.platform.engine.support.discovery.EngineDiscoveryRequestResolution.resolveCompletely(EngineDiscoveryRequestResolution.java:91)
	at org.junit.platform.engine.support.discovery.EngineDiscoveryRequestResolution.run(EngineDiscoveryRequestResolution.java:82)
	at org.junit.platform.engine.support.discovery.EngineDiscoveryRequestResolver.resolve(EngineDiscoveryRequestResolver.java:113)
	at org.junit.vintage.engine.discovery.VintageDiscoverer.discover(VintageDiscoverer.java:44)
	at org.junit.vintage.engine.VintageTestEngine.discover(VintageTestEngine.java:63)
	at org.junit.platform.launcher.core.EngineDiscoveryOrchestrator.discoverEngineRoot(EngineDiscoveryOrchestrator.java:103)
	at org.junit.platform.launcher.core.EngineDiscoveryOrchestrator.discover(EngineDiscoveryOrchestrator.java:85)
	at org.junit.platform.launcher.core.DefaultLauncher.discover(DefaultLauncher.java:92)
	at org.junit.platform.launcher.core.DefaultLauncher.execute(DefaultLauncher.java:75)
	at org.apache.maven.surefire.junitplatform.LazyLauncher.execute(LazyLauncher.java:50)
	at org.apache.maven.surefire.junitplatform.JUnitPlatformProvider.execute(JUnitPlatformProvider.java:184)
	at org.apache.maven.surefire.junitplatform.JUnitPlatformProvider.invokeAllTests(JUnitPlatformProvider.java:148)
	at org.apache.maven.surefire.junitplatform.JUnitPlatformProvider.invoke(JUnitPlatformProvider.java:122)
	at org.apache.maven.surefire.booter.ForkedBooter.runSuitesInProcess(ForkedBooter.java:385)
	at org.apache.maven.surefire.booter.ForkedBooter.execute(ForkedBooter.java:162)
	at org.apache.maven.surefire.booter.ForkedBooter.run(ForkedBooter.java:507)
	at org.apache.maven.surefire.booter.ForkedBooter.main(ForkedBooter.java:495)
]]></error>
  </testcase>
</testsuite>